=thread-group-added,id="i1"
=cmd-param-changed,param="auto-load safe-path",value="/home/jvalcher/"
&"No symbol table is loaded.  Use the \"file\" command.\n"
~"Make breakpoint pending on future shared library load? (y or [n]) [answered N; input not from terminal]\n"
(gdb) 
^done
(gdb) 
=thread-group-started,id="i1",pid="31092"
=thread-created,id="1",group-id="i1"
=library-loaded,id="/lib64/ld-linux-x86-64.so.2",target-name="/lib64/ld-linux-x86-64.so.2",host-name="/lib64/ld-linux-x86-64.so.2",symbols-loaded="0",thread-group="i1",ranges=[{from="0x00007ffff7fc5090",to="0x00007ffff7fee315"}]
^running
*running,thread-id="all"
(gdb) 
=library-loaded,id="/lib/x86_64-linux-gnu/libc.so.6",target-name="/lib/x86_64-linux-gnu/libc.so.6",host-name="/lib/x86_64-linux-gnu/libc.so.6",symbols-loaded="0",thread-group="i1",ranges=[{from="0x00007ffff7c28700",to="0x00007ffff7dba93d"}]
~"[Thread debugging using libthread_db enabled]\n"
~"Using host libthread_db library \"/lib/x86_64-linux-gnu/libthread_db.so.1\".\n"
Program started
Hello, Jeffrey
Program ended
~"[Inferior 1 (process 31092) exited normally]\n"
=thread-exited,id="1",group-id="i1"
=thread-group-exited,id="i1",exit-code="0"
*stopped,reason="exited-normally"
(gdb) 
^exit
=thread-group-added,id="i1"
=cmd-param-changed,param="auto-load safe-path",value="/home/jvalcher/"
&"No symbol table is loaded.  Use the \"file\" command.\n"
~"Make breakpoint pending on future shared library load? (y or [n]) [answered N; input not from terminal]\n"
(gdb) 
^done
(gdb) 
=thread-group-started,id="i1",pid="31280"
=thread-created,id="1",group-id="i1"
=library-loaded,id="/lib64/ld-linux-x86-64.so.2",target-name="/lib64/ld-linux-x86-64.so.2",host-name="/lib64/ld-linux-x86-64.so.2",symbols-loaded="0",thread-group="i1",ranges=[{from="0x00007ffff7fc5090",to="0x00007ffff7fee315"}]
^running
*running,thread-id="all"
(gdb) 
=library-loaded,id="/lib/x86_64-linux-gnu/libc.so.6",target-name="/lib/x86_64-linux-gnu/libc.so.6",host-name="/lib/x86_64-linux-gnu/libc.so.6",symbols-loaded="0",thread-group="i1",ranges=[{from="0x00007ffff7c28700",to="0x00007ffff7dba93d"}]
~"[Thread debugging using libthread_db enabled]\n"
~"Using host libthread_db library \"/lib/x86_64-linux-gnu/libthread_db.so.1\".\n"
Program started
Hello, Jeffrey
Program ended
~"[Inferior 1 (process 31280) exited normally]\n"
=thread-exited,id="1",group-id="i1"
=thread-group-exited,id="i1",exit-code="0"
*stopped,reason="exited-normally"
(gdb) 
^done,bkpt={number="1",type="breakpoint",disp="keep",enabled="y",addr="0x0000555555555151",func="main",file="./hello.c",fullname="/home/jvalcher/Git/termIDE/prototypes/hello.c",line="6",thread-groups=["i1"],times="0",original-location="main"}
(gdb) 
=library-unloaded,id="/lib64/ld-linux-x86-64.so.2",target-name="/lib64/ld-linux-x86-64.so.2",host-name="/lib64/ld-linux-x86-64.so.2",thread-group="i1"
=library-unloaded,id="/lib/x86_64-linux-gnu/libc.so.6",target-name="/lib/x86_64-linux-gnu/libc.so.6",host-name="/lib/x86_64-linux-gnu/libc.so.6",thread-group="i1"
=thread-group-started,id="i1",pid="31347"
=thread-created,id="1",group-id="i1"
=library-loaded,id="/lib64/ld-linux-x86-64.so.2",target-name="/lib64/ld-linux-x86-64.so.2",host-name="/lib64/ld-linux-x86-64.so.2",symbols-loaded="0",thread-group="i1",ranges=[{from="0x00007ffff7fc5090",to="0x00007ffff7fee315"}]
^running
*running,thread-id="all"
(gdb) 
=library-loaded,id="/lib/x86_64-linux-gnu/libc.so.6",target-name="/lib/x86_64-linux-gnu/libc.so.6",host-name="/lib/x86_64-linux-gnu/libc.so.6",symbols-loaded="0",thread-group="i1",ranges=[{from="0x00007ffff7c28700",to="0x00007ffff7dba93d"}]
~"[Thread debugging using libthread_db enabled]\n"
~"Using host libthread_db library \"/lib/x86_64-linux-gnu/libthread_db.so.1\".\n"
=breakpoint-modified,bkpt={number="1",type="breakpoint",disp="keep",enabled="y",addr="0x0000555555555151",func="main",file="./hello.c",fullname="/home/jvalcher/Git/termIDE/prototypes/hello.c",line="6",thread-groups=["i1"],times="1",original-location="main"}
~"\n"
~"Breakpoint 1, main () at ./hello.c:6\n"
~"6\t    printf (\"Program started\\n\");\n"
*stopped,reason="breakpoint-hit",disp="keep",bkptno="1",frame={addr="0x0000555555555151",func="main",args=[],file="./hello.c",fullname="/home/jvalcher/Git/termIDE/prototypes/hello.c",line="6",arch="i386:x86-64"},thread-id="1",stopped-threads="all",core="0"
(gdb) 
^running
*running,thread-id="all"
(gdb) 
*stopped,reason="end-stepping-range",frame={addr="0x0000555555555160",func="main",args=[],file="./hello.c",fullname="/home/jvalcher/Git/termIDE/prototypes/hello.c",line="7",arch="i386:x86-64"},thread-id="1",stopped-threads="all",core="2"
(gdb) 
^running
*running,thread-id="all"
(gdb) 
*stopped,reason="end-stepping-range",frame={addr="0x000055555555516f",func="main",args=[],file="./hello.c",fullname="/home/jvalcher/Git/termIDE/prototypes/hello.c",line="8",arch="i386:x86-64"},thread-id="1",stopped-threads="all",core="2"
(gdb) 
^running
*running,thread-id="all"
(gdb) 
*stopped,reason="end-stepping-range",frame={addr="0x000055555555517e",func="main",args=[],file="./hello.c",fullname="/home/jvalcher/Git/termIDE/prototypes/hello.c",line="10",arch="i386:x86-64"},thread-id="1",stopped-threads="all",core="4"
(gdb) 
^running
*running,thread-id="all"
(gdb) 
*stopped,reason="end-stepping-range",frame={addr="0x0000555555555183",func="main",args=[],file="./hello.c",fullname="/home/jvalcher/Git/termIDE/prototypes/hello.c",line="11",arch="i386:x86-64"},thread-id="1",stopped-threads="all",core="0"
(gdb) 
^running
*running,thread-id="all"
(gdb) 
*stopped,reason="end-stepping-range",frame={addr="0x00007ffff7c29d90",func="??",args=[],from="/lib/x86_64-linux-gnu/libc.so.6",arch="i386:x86-64"},thread-id="1",stopped-threads="all",core="4"
(gdb) 
^error,msg="Cannot find bounds of current function"
(gdb) 
^exit
